models/grammar/digits.gram
models/grammar/menu.gram
models/hmm/en-us-semi/README
models/hmm/en-us-semi/feat.params
models/hmm/en-us-semi/mdef
models/hmm/en-us-semi/means
models/hmm/en-us-semi/noisedict
models/hmm/en-us-semi/sendump
models/hmm/en-us-semi/transition_matrices
models/hmm/en-us-semi/variances
models/hmm/en_us/README
models/hmm/en_us/feat.params
models/hmm/en_us/mdef
models/hmm/en_us/means
models/hmm/en_us/noisedict
models/hmm/en_us/transition_matrices
models/hmm/en_us/variances
models/lm/cmu07a.dic
models/lm/weather.dmp
models/test/road01.wav